c:\users\fresh\downloads\arena\dbd\x64\release\vc143.pdb
c:\users\fresh\downloads\arena\dbd\x64\release\utils.obj
c:\users\fresh\downloads\arena\dbd\x64\release\service.obj
c:\users\fresh\downloads\arena\dbd\x64\release\portable_executable.obj
c:\users\fresh\downloads\arena\dbd\x64\release\kdmapper.obj
c:\users\fresh\downloads\arena\dbd\x64\release\intel_driver.obj
c:\users\fresh\downloads\arena\dbd\x64\release\main.obj
c:\users\fresh\downloads\arena\dbd\x64\release\imgui_widgets.obj
c:\users\fresh\downloads\arena\dbd\x64\release\imgui_tricks.obj
c:\users\fresh\downloads\arena\dbd\x64\release\imgui_impl_win32.obj
c:\users\fresh\downloads\arena\dbd\x64\release\imgui_impl_dx9.obj
c:\users\fresh\downloads\arena\dbd\x64\release\imgui_draw.obj
c:\users\fresh\downloads\arena\dbd\x64\release\imgui_demo.obj
c:\users\fresh\downloads\arena\dbd\x64\release\imgui_custom.obj
c:\users\fresh\downloads\arena\dbd\x64\release\imgui.obj
c:\users\fresh\downloads\arena\dbd\x64\release\driver.obj
c:\users\fresh\downloads\arena\x64\release\arenabii.exe
c:\users\fresh\downloads\arena\x64\release\arenabii.pdb
c:\users\fresh\downloads\arena\dbd\x64\release\arenabii.ipdb
c:\users\fresh\downloads\arena\dbd\x64\release\arenabii.iobj
c:\users\fresh\downloads\arena\dbd\x64\release\dbd.tlog\cl.command.1.tlog
c:\users\fresh\downloads\arena\dbd\x64\release\dbd.tlog\cl.items.tlog
c:\users\fresh\downloads\arena\dbd\x64\release\dbd.tlog\cl.read.1.tlog
c:\users\fresh\downloads\arena\dbd\x64\release\dbd.tlog\cl.write.1.tlog
c:\users\fresh\downloads\arena\dbd\x64\release\dbd.tlog\link.command.1.tlog
c:\users\fresh\downloads\arena\dbd\x64\release\dbd.tlog\link.read.1.tlog
c:\users\fresh\downloads\arena\dbd\x64\release\dbd.tlog\link.secondary.1.tlog
c:\users\fresh\downloads\arena\dbd\x64\release\dbd.tlog\link.write.1.tlog
