d:\new folder (5)\mak deltaforce\dbd\x64\release\vc143.pdb
d:\new folder (5)\mak deltaforce\dbd\x64\release\utils.obj
d:\new folder (5)\mak deltaforce\dbd\x64\release\service.obj
d:\new folder (5)\mak deltaforce\dbd\x64\release\portable_executable.obj
d:\new folder (5)\mak deltaforce\dbd\x64\release\kdmapper.obj
d:\new folder (5)\mak deltaforce\dbd\x64\release\intel_driver.obj
d:\new folder (5)\mak deltaforce\dbd\x64\release\main.obj
d:\new folder (5)\mak deltaforce\dbd\x64\release\imgui_widgets.obj
d:\new folder (5)\mak deltaforce\dbd\x64\release\imgui_tables.obj
d:\new folder (5)\mak deltaforce\dbd\x64\release\imgui_impl_win32.obj
d:\new folder (5)\mak deltaforce\dbd\x64\release\imgui_impl_dx11.obj
d:\new folder (5)\mak deltaforce\dbd\x64\release\imgui_draw.obj
d:\new folder (5)\mak deltaforce\dbd\x64\release\imgui_demo.obj
d:\new folder (5)\mak deltaforce\dbd\x64\release\imgui.obj
d:\new folder (5)\mak deltaforce\dbd\x64\release\driver.obj
d:\new folder (5)\mak deltaforce\x64\release\deltaforce.exe
d:\new folder (5)\mak deltaforce\x64\release\deltaforce.pdb
d:\new folder (5)\mak deltaforce\dbd\x64\release\deltaforce.ipdb
d:\new folder (5)\mak deltaforce\dbd\x64\release\deltaforce.iobj
d:\new folder (5)\mak deltaforce\dbd\x64\release\dbd.tlog\cl.command.1.tlog
d:\new folder (5)\mak deltaforce\dbd\x64\release\dbd.tlog\cl.items.tlog
d:\new folder (5)\mak deltaforce\dbd\x64\release\dbd.tlog\cl.read.1.tlog
d:\new folder (5)\mak deltaforce\dbd\x64\release\dbd.tlog\cl.write.1.tlog
d:\new folder (5)\mak deltaforce\dbd\x64\release\dbd.tlog\link.command.1.tlog
d:\new folder (5)\mak deltaforce\dbd\x64\release\dbd.tlog\link.read.1.tlog
d:\new folder (5)\mak deltaforce\dbd\x64\release\dbd.tlog\link.secondary.1.tlog
d:\new folder (5)\mak deltaforce\dbd\x64\release\dbd.tlog\link.write.1.tlog
