c:\users\administrator\desktop\dbd\dbd\x64\release\vc143.pdb
c:\users\administrator\desktop\dbd\dbd\x64\release\utils.obj
c:\users\administrator\desktop\dbd\dbd\x64\release\service.obj
c:\users\administrator\desktop\dbd\dbd\x64\release\portable_executable.obj
c:\users\administrator\desktop\dbd\dbd\x64\release\kdmapper.obj
c:\users\administrator\desktop\dbd\dbd\x64\release\intel_driver.obj
c:\users\administrator\desktop\dbd\dbd\x64\release\main.obj
c:\users\administrator\desktop\dbd\dbd\x64\release\imgui_widgets.obj
c:\users\administrator\desktop\dbd\dbd\x64\release\imgui_tricks.obj
c:\users\administrator\desktop\dbd\dbd\x64\release\imgui_tables.obj
c:\users\administrator\desktop\dbd\dbd\x64\release\imgui_impl_win32.obj
c:\users\administrator\desktop\dbd\dbd\x64\release\imgui_impl_opengl3.obj
c:\users\administrator\desktop\dbd\dbd\x64\release\imgui_impl_glfw.obj
c:\users\administrator\desktop\dbd\dbd\x64\release\imgui_draw.obj
c:\users\administrator\desktop\dbd\dbd\x64\release\imgui_demo.obj
c:\users\administrator\desktop\dbd\dbd\x64\release\imgui.obj
c:\users\administrator\desktop\dbd\dbd\x64\release\custom.obj
c:\users\administrator\desktop\dbd\dbd\x64\release\driver.obj
c:\users\administrator\desktop\dbd\x64\release\xdefiantprox.exe
c:\users\administrator\desktop\dbd\x64\release\xdefiantprox.pdb
c:\users\administrator\desktop\dbd\dbd\x64\release\xdefiantprox.ipdb
c:\users\administrator\desktop\dbd\dbd\x64\release\xdefiantprox.iobj
f:\new folder (3)\dbd\dbd\x64\release\custom.obj
f:\new folder (3)\dbd\dbd\x64\release\driver.obj
f:\new folder (3)\dbd\dbd\x64\release\imgui.obj
f:\new folder (3)\dbd\dbd\x64\release\imgui_demo.obj
f:\new folder (3)\dbd\dbd\x64\release\imgui_draw.obj
f:\new folder (3)\dbd\dbd\x64\release\imgui_impl_glfw.obj
f:\new folder (3)\dbd\dbd\x64\release\imgui_impl_opengl3.obj
f:\new folder (3)\dbd\dbd\x64\release\imgui_impl_win32.obj
f:\new folder (3)\dbd\dbd\x64\release\imgui_tables.obj
f:\new folder (3)\dbd\dbd\x64\release\imgui_tricks.obj
f:\new folder (3)\dbd\dbd\x64\release\imgui_widgets.obj
f:\new folder (3)\dbd\dbd\x64\release\intel_driver.obj
f:\new folder (3)\dbd\dbd\x64\release\kdmapper.obj
f:\new folder (3)\dbd\dbd\x64\release\main.obj
f:\new folder (3)\dbd\dbd\x64\release\portable_executable.obj
f:\new folder (3)\dbd\dbd\x64\release\service.obj
f:\new folder (3)\dbd\dbd\x64\release\utils.obj
f:\new folder (3)\dbd\dbd\x64\release\xdefiantprox.ipdb
f:\new folder (3)\dbd\dbd\x64\release\xdefiantprox.iobj
f:\new folder (3)\dbd\dbd\x64\release\vc143.pdb
f:\new folder (3)\dbd\x64\release\xdefiantprox.pdb
f:\new folder (3)\dbd\x64\release\xdefiantprox.exe
f:\new folder (3)\dbd\dbd\x64\release\dbd.tlog\cl.command.1.tlog
f:\new folder (3)\dbd\dbd\x64\release\dbd.tlog\cl.items.tlog
f:\new folder (3)\dbd\dbd\x64\release\dbd.tlog\cl.read.1.tlog
f:\new folder (3)\dbd\dbd\x64\release\dbd.tlog\cl.write.1.tlog
f:\new folder (3)\dbd\dbd\x64\release\dbd.tlog\link.command.1.tlog
f:\new folder (3)\dbd\dbd\x64\release\dbd.tlog\link.read.1.tlog
f:\new folder (3)\dbd\dbd\x64\release\dbd.tlog\link.secondary.1.tlog
f:\new folder (3)\dbd\dbd\x64\release\dbd.tlog\link.write.1.tlog
